  Using 'git status' to determine working set for adaptive non-unity build (D:\Unreal Projects\BomberMan).
  Parsing headers for UE4BombermanEditor
    Running UnrealHeaderTool "D:\Unreal Projects\BomberMan\UE4Bomberman\UE4Bomberman.uproject" "D:\Unreal Projects\BomberMan\UE4Bomberman\Intermediate\Build\Win64\UE4BombermanEditor\Development\UE4BombermanEditor.uhtmanifest" -LogCmds="loginit warning, logexit warning, logdatabase error" -Unattended -WarningsAsErrors -abslog="C:\Users\scott\AppData\Local\UnrealBuildTool\Log_UHT.txt" -installed
  Reflection code generated for UE4BombermanEditor in 2.5375151 seconds
  Building UE4BombermanEditor...
  Using Visual Studio 2019 14.30.30706 toolchain (C:\Program Files\Microsoft Visual Studio\2022\Community\VC\Tools\MSVC\14.30.30705) and Windows 10.0.19041.0 SDK (C:\Program Files (x86)\Windows Kits\10).
  Building 10 actions with 16 processes...
    [1/10] UE4Bomberman.init.gen.cpp
    [2/10] Bomb.gen.cpp
    [3/10] PlayerCharacter.cpp
D:\Unreal Projects\BomberMan\UE4Bomberman\Source\UE4Bomberman\Private\PlayerCharacter.cpp(20): warning C4996: 'USceneComponent::AttachTo': This function is deprecated, please use AttachToComponent instead. Please update your code to the new API before upgrading to the next release, otherwise your project will no longer compile.
    [4/10] Bomb.cpp
    [5/10] PlayerCharacter2.cpp
D:\Unreal Projects\BomberMan\UE4Bomberman\Source\UE4Bomberman\Private\PlayerCharacter2.cpp(20): warning C4996: 'USceneComponent::AttachTo': This function is deprecated, please use AttachToComponent instead. Please update your code to the new API before upgrading to the next release, otherwise your project will no longer compile.
    [6/10] BombermanGameMode.gen.cpp
    [7/10] BombermanGameMode.cpp
    [8/10] UE4Editor-UE4Bomberman-0114.lib
       Creating library D:\Unreal Projects\BomberMan\UE4Bomberman\Intermediate\Build\Win64\UE4Editor\Development\UE4Bomberman\UE4Editor-UE4Bomberman-0114.lib and object D:\Unreal Projects\BomberMan\UE4Bomberman\Intermediate\Build\Win64\UE4Editor\Development\UE4Bomberman\UE4Editor-UE4Bomberman-0114.exp
    [9/10] UE4Editor-UE4Bomberman-0114.dll
       Creating library D:\Unreal Projects\BomberMan\UE4Bomberman\Intermediate\Build\Win64\UE4Editor\Development\UE4Bomberman\UE4Editor-UE4Bomberman-0114.suppressed.lib and object D:\Unreal Projects\BomberMan\UE4Bomberman\Intermediate\Build\Win64\UE4Editor\Development\UE4Bomberman\UE4Editor-UE4Bomberman-0114.suppressed.exp
    [10/10] UE4BombermanEditor.target
  Total time in Parallel executor: 10.12 seconds
  Total execution time: 13.13 seconds
